0 info it worked if it ends with ok
1 verbose cli [ 'node', '/usr/local/bin/npm', 'install', '-g' ]
2 info using npm@1.3.1
3 info using node@v0.10.12
4 verbose cache add [ '.', null ]
5 verbose cache add name=undefined spec="." args=[".",null]
6 verbose parsed url { protocol: null,
6 verbose parsed url   slashes: null,
6 verbose parsed url   auth: null,
6 verbose parsed url   host: null,
6 verbose parsed url   port: null,
6 verbose parsed url   hostname: null,
6 verbose parsed url   hash: null,
6 verbose parsed url   search: null,
6 verbose parsed url   query: null,
6 verbose parsed url   pathname: '.',
6 verbose parsed url   path: '.',
6 verbose parsed url   href: '.' }
7 silly lockFile 3a52ce78- .
8 verbose lock . /home/bryan/.npm/3a52ce78-.lock
9 verbose tar pack [ '/home/bryan/tmp/npm-27495/1372363318088-0.29126509046182036/tmp.tgz',
9 verbose tar pack   '.' ]
10 verbose tarball /home/bryan/tmp/npm-27495/1372363318088-0.29126509046182036/tmp.tgz
11 verbose folder .
12 info prepublish wvu-peak-api@0.0.1
13 silly lockFile 1f1177db-tar tar://.
14 verbose lock tar://. /home/bryan/.npm/1f1177db-tar.lock
15 silly lockFile b6c7d485-8088-0-29126509046182036-tmp-tgz tar:///home/bryan/tmp/npm-27495/1372363318088-0.29126509046182036/tmp.tgz
16 verbose lock tar:///home/bryan/tmp/npm-27495/1372363318088-0.29126509046182036/tmp.tgz /home/bryan/.npm/b6c7d485-8088-0-29126509046182036-tmp-tgz.lock
17 silly lockFile 1f1177db-tar tar://.
18 silly lockFile 1f1177db-tar tar://.
19 silly lockFile b6c7d485-8088-0-29126509046182036-tmp-tgz tar:///home/bryan/tmp/npm-27495/1372363318088-0.29126509046182036/tmp.tgz
20 silly lockFile b6c7d485-8088-0-29126509046182036-tmp-tgz tar:///home/bryan/tmp/npm-27495/1372363318088-0.29126509046182036/tmp.tgz
21 verbose tar unpack /home/bryan/tmp/npm-27495/1372363318088-0.29126509046182036/tmp.tgz
22 silly lockFile 9df472bf-8088-0-29126509046182036-package tar:///home/bryan/tmp/npm-27495/1372363318088-0.29126509046182036/package
23 verbose lock tar:///home/bryan/tmp/npm-27495/1372363318088-0.29126509046182036/package /home/bryan/.npm/9df472bf-8088-0-29126509046182036-package.lock
24 silly lockFile b6c7d485-8088-0-29126509046182036-tmp-tgz tar:///home/bryan/tmp/npm-27495/1372363318088-0.29126509046182036/tmp.tgz
25 verbose lock tar:///home/bryan/tmp/npm-27495/1372363318088-0.29126509046182036/tmp.tgz /home/bryan/.npm/b6c7d485-8088-0-29126509046182036-tmp-tgz.lock
26 silly gunzTarPerm modes [ '755', '644' ]
27 silly gunzTarPerm extractEntry package.json
28 silly gunzTarPerm extractEntry app.js
29 silly gunzTarPerm extractEntry config/connect.js
30 silly gunzTarPerm extractEntry config/database.js
31 silly gunzTarPerm extractEntry config/environment.js
32 silly gunzTarPerm extractEntry config/routes.js
33 silly gunzTarPerm extractEntry config/config.json
34 silly gunzTarPerm extractEntry controllers/home.js
35 silly gunzTarPerm extractEntry controllers/users.js
36 silly gunzTarPerm extractEntry models/user.js
37 silly gunzTarPerm extractEntry public/stylesheets/style.css
38 silly lockFile 9df472bf-8088-0-29126509046182036-package tar:///home/bryan/tmp/npm-27495/1372363318088-0.29126509046182036/package
39 silly lockFile 9df472bf-8088-0-29126509046182036-package tar:///home/bryan/tmp/npm-27495/1372363318088-0.29126509046182036/package
40 silly lockFile b6c7d485-8088-0-29126509046182036-tmp-tgz tar:///home/bryan/tmp/npm-27495/1372363318088-0.29126509046182036/tmp.tgz
41 silly lockFile b6c7d485-8088-0-29126509046182036-tmp-tgz tar:///home/bryan/tmp/npm-27495/1372363318088-0.29126509046182036/tmp.tgz
42 verbose tar pack [ '/home/bryan/.npm/wvu-peak-api/0.0.1/package.tgz',
42 verbose tar pack   '/home/bryan/tmp/npm-27495/1372363318088-0.29126509046182036/package' ]
43 verbose tarball /home/bryan/.npm/wvu-peak-api/0.0.1/package.tgz
44 verbose folder /home/bryan/tmp/npm-27495/1372363318088-0.29126509046182036/package
45 silly lockFile 9df472bf-8088-0-29126509046182036-package tar:///home/bryan/tmp/npm-27495/1372363318088-0.29126509046182036/package
46 verbose lock tar:///home/bryan/tmp/npm-27495/1372363318088-0.29126509046182036/package /home/bryan/.npm/9df472bf-8088-0-29126509046182036-package.lock
47 silly lockFile 754ce035-m-wvu-peak-api-0-0-1-package-tgz tar:///home/bryan/.npm/wvu-peak-api/0.0.1/package.tgz
48 verbose lock tar:///home/bryan/.npm/wvu-peak-api/0.0.1/package.tgz /home/bryan/.npm/754ce035-m-wvu-peak-api-0-0-1-package-tgz.lock
49 silly lockFile 9df472bf-8088-0-29126509046182036-package tar:///home/bryan/tmp/npm-27495/1372363318088-0.29126509046182036/package
50 silly lockFile 9df472bf-8088-0-29126509046182036-package tar:///home/bryan/tmp/npm-27495/1372363318088-0.29126509046182036/package
51 silly lockFile 754ce035-m-wvu-peak-api-0-0-1-package-tgz tar:///home/bryan/.npm/wvu-peak-api/0.0.1/package.tgz
52 silly lockFile 754ce035-m-wvu-peak-api-0-0-1-package-tgz tar:///home/bryan/.npm/wvu-peak-api/0.0.1/package.tgz
53 silly lockFile eb1b4503-n-npm-wvu-peak-api-0-0-1-package /home/bryan/.npm/wvu-peak-api/0.0.1/package
54 verbose lock /home/bryan/.npm/wvu-peak-api/0.0.1/package /home/bryan/.npm/eb1b4503-n-npm-wvu-peak-api-0-0-1-package.lock
55 silly lockFile eb1b4503-n-npm-wvu-peak-api-0-0-1-package /home/bryan/.npm/wvu-peak-api/0.0.1/package
56 silly lockFile eb1b4503-n-npm-wvu-peak-api-0-0-1-package /home/bryan/.npm/wvu-peak-api/0.0.1/package
57 verbose tar unpack /home/bryan/.npm/wvu-peak-api/0.0.1/package.tgz
58 silly lockFile 49e54fec-n-npm-wvu-peak-api-0-0-1-package tar:///home/bryan/.npm/wvu-peak-api/0.0.1/package
59 verbose lock tar:///home/bryan/.npm/wvu-peak-api/0.0.1/package /home/bryan/.npm/49e54fec-n-npm-wvu-peak-api-0-0-1-package.lock
60 silly lockFile 754ce035-m-wvu-peak-api-0-0-1-package-tgz tar:///home/bryan/.npm/wvu-peak-api/0.0.1/package.tgz
61 verbose lock tar:///home/bryan/.npm/wvu-peak-api/0.0.1/package.tgz /home/bryan/.npm/754ce035-m-wvu-peak-api-0-0-1-package-tgz.lock
62 silly gunzTarPerm modes [ '755', '644' ]
63 silly gunzTarPerm extractEntry package.json
64 silly gunzTarPerm extractEntry app.js
65 silly gunzTarPerm extractEntry config/connect.js
66 silly gunzTarPerm extractEntry config/database.js
67 silly gunzTarPerm extractEntry config/environment.js
68 silly gunzTarPerm extractEntry config/routes.js
69 silly gunzTarPerm extractEntry config/config.json
70 silly gunzTarPerm extractEntry controllers/home.js
71 silly gunzTarPerm extractEntry controllers/users.js
72 silly gunzTarPerm extractEntry models/user.js
73 silly gunzTarPerm extractEntry public/stylesheets/style.css
74 silly lockFile 49e54fec-n-npm-wvu-peak-api-0-0-1-package tar:///home/bryan/.npm/wvu-peak-api/0.0.1/package
75 silly lockFile 49e54fec-n-npm-wvu-peak-api-0-0-1-package tar:///home/bryan/.npm/wvu-peak-api/0.0.1/package
76 silly lockFile 754ce035-m-wvu-peak-api-0-0-1-package-tgz tar:///home/bryan/.npm/wvu-peak-api/0.0.1/package.tgz
77 silly lockFile 754ce035-m-wvu-peak-api-0-0-1-package-tgz tar:///home/bryan/.npm/wvu-peak-api/0.0.1/package.tgz
78 verbose chmod /home/bryan/.npm/wvu-peak-api/0.0.1/package.tgz 644
79 verbose chown /home/bryan/.npm/wvu-peak-api/0.0.1/package.tgz [ 1000, 1000 ]
80 silly lockFile 3a52ce78- .
81 silly lockFile 3a52ce78- .
82 silly resolved [ { name: 'wvu-peak-api',
82 silly resolved     version: '0.0.1',
82 silly resolved     private: true,
82 silly resolved     scripts: { start: 'node app' },
82 silly resolved     dependencies:
82 silly resolved      { express: '3.0.0rc4',
82 silly resolved        ejs: '*',
82 silly resolved        sequelize: '*',
82 silly resolved        crypto: '*',
82 silly resolved        mysql: '*' },
82 silly resolved     readme: 'ERROR: No README data found!',
82 silly resolved     _id: 'wvu-peak-api@0.0.1',
82 silly resolved     dist: { shasum: '22ec6459663826cc1c801fa7ea652eed7d5cfbe4' },
82 silly resolved     _from: '.' } ]
83 info install wvu-peak-api@0.0.1 into /usr/local/lib
84 info installOne wvu-peak-api@0.0.1
85 info /usr/local/lib/node_modules/wvu-peak-api unbuild
86 verbose tar unpack /home/bryan/.npm/wvu-peak-api/0.0.1/package.tgz
87 silly lockFile c2b4436f-al-lib-node-modules-wvu-peak-api tar:///usr/local/lib/node_modules/wvu-peak-api
88 verbose lock tar:///usr/local/lib/node_modules/wvu-peak-api /home/bryan/.npm/c2b4436f-al-lib-node-modules-wvu-peak-api.lock
89 silly lockFile 754ce035-m-wvu-peak-api-0-0-1-package-tgz tar:///home/bryan/.npm/wvu-peak-api/0.0.1/package.tgz
90 verbose lock tar:///home/bryan/.npm/wvu-peak-api/0.0.1/package.tgz /home/bryan/.npm/754ce035-m-wvu-peak-api-0-0-1-package-tgz.lock
91 silly gunzTarPerm modes [ '755', '644' ]
92 silly gunzTarPerm extractEntry package.json
93 silly gunzTarPerm extractEntry app.js
94 silly gunzTarPerm extractEntry config/connect.js
95 silly gunzTarPerm extractEntry config/database.js
96 silly gunzTarPerm extractEntry config/environment.js
97 silly gunzTarPerm extractEntry config/routes.js
98 silly gunzTarPerm extractEntry config/config.json
99 silly gunzTarPerm extractEntry controllers/home.js
100 silly gunzTarPerm extractEntry controllers/users.js
101 silly gunzTarPerm extractEntry models/user.js
102 silly gunzTarPerm extractEntry public/stylesheets/style.css
103 silly lockFile c2b4436f-al-lib-node-modules-wvu-peak-api tar:///usr/local/lib/node_modules/wvu-peak-api
104 silly lockFile c2b4436f-al-lib-node-modules-wvu-peak-api tar:///usr/local/lib/node_modules/wvu-peak-api
105 silly lockFile 754ce035-m-wvu-peak-api-0-0-1-package-tgz tar:///home/bryan/.npm/wvu-peak-api/0.0.1/package.tgz
106 silly lockFile 754ce035-m-wvu-peak-api-0-0-1-package-tgz tar:///home/bryan/.npm/wvu-peak-api/0.0.1/package.tgz
107 info preinstall wvu-peak-api@0.0.1
108 verbose readDependencies using package.json deps
109 verbose readDependencies using package.json deps
110 verbose cache add [ 'express@3.0.0rc4', null ]
111 verbose cache add name=undefined spec="express@3.0.0rc4" args=["express@3.0.0rc4",null]
112 verbose parsed url { protocol: null,
112 verbose parsed url   slashes: null,
112 verbose parsed url   auth: null,
112 verbose parsed url   host: null,
112 verbose parsed url   port: null,
112 verbose parsed url   hostname: null,
112 verbose parsed url   hash: null,
112 verbose parsed url   search: null,
112 verbose parsed url   query: null,
112 verbose parsed url   pathname: 'express@3.0.0rc4',
112 verbose parsed url   path: 'express@3.0.0rc4',
112 verbose parsed url   href: 'express@3.0.0rc4' }
113 verbose cache add name="express" spec="3.0.0rc4" args=["express","3.0.0rc4"]
114 verbose parsed url { protocol: null,
114 verbose parsed url   slashes: null,
114 verbose parsed url   auth: null,
114 verbose parsed url   host: null,
114 verbose parsed url   port: null,
114 verbose parsed url   hostname: null,
114 verbose parsed url   hash: null,
114 verbose parsed url   search: null,
114 verbose parsed url   query: null,
114 verbose parsed url   pathname: '3.0.0rc4',
114 verbose parsed url   path: '3.0.0rc4',
114 verbose parsed url   href: '3.0.0rc4' }
115 verbose addNamed [ 'express', '3.0.0rc4' ]
116 verbose addNamed [ null, null ]
117 silly lockFile b950aa27-express-3-0-0rc4 express@3.0.0rc4
118 verbose lock express@3.0.0rc4 /home/bryan/.npm/b950aa27-express-3-0-0rc4.lock
119 verbose cache add [ 'ejs@*', null ]
120 verbose cache add name=undefined spec="ejs@*" args=["ejs@*",null]
121 verbose parsed url { protocol: null,
121 verbose parsed url   slashes: null,
121 verbose parsed url   auth: null,
121 verbose parsed url   host: null,
121 verbose parsed url   port: null,
121 verbose parsed url   hostname: null,
121 verbose parsed url   hash: null,
121 verbose parsed url   search: null,
121 verbose parsed url   query: null,
121 verbose parsed url   pathname: 'ejs@*',
121 verbose parsed url   path: 'ejs@*',
121 verbose parsed url   href: 'ejs@*' }
122 verbose cache add name="ejs" spec="*" args=["ejs","*"]
123 verbose parsed url { protocol: null,
123 verbose parsed url   slashes: null,
123 verbose parsed url   auth: null,
123 verbose parsed url   host: null,
123 verbose parsed url   port: null,
123 verbose parsed url   hostname: null,
123 verbose parsed url   hash: null,
123 verbose parsed url   search: null,
123 verbose parsed url   query: null,
123 verbose parsed url   pathname: '*',
123 verbose parsed url   path: '*',
123 verbose parsed url   href: '*' }
124 verbose addNamed [ 'ejs', '*' ]
125 verbose addNamed [ null, '*' ]
126 silly lockFile 9d73ed50-ejs ejs@*
127 verbose lock ejs@* /home/bryan/.npm/9d73ed50-ejs.lock
128 verbose cache add [ 'crypto@*', null ]
129 verbose cache add name=undefined spec="crypto@*" args=["crypto@*",null]
130 verbose parsed url { protocol: null,
130 verbose parsed url   slashes: null,
130 verbose parsed url   auth: null,
130 verbose parsed url   host: null,
130 verbose parsed url   port: null,
130 verbose parsed url   hostname: null,
130 verbose parsed url   hash: null,
130 verbose parsed url   search: null,
130 verbose parsed url   query: null,
130 verbose parsed url   pathname: 'crypto@*',
130 verbose parsed url   path: 'crypto@*',
130 verbose parsed url   href: 'crypto@*' }
131 verbose cache add name="crypto" spec="*" args=["crypto","*"]
132 verbose parsed url { protocol: null,
132 verbose parsed url   slashes: null,
132 verbose parsed url   auth: null,
132 verbose parsed url   host: null,
132 verbose parsed url   port: null,
132 verbose parsed url   hostname: null,
132 verbose parsed url   hash: null,
132 verbose parsed url   search: null,
132 verbose parsed url   query: null,
132 verbose parsed url   pathname: '*',
132 verbose parsed url   path: '*',
132 verbose parsed url   href: '*' }
133 verbose addNamed [ 'crypto', '*' ]
134 verbose addNamed [ null, '*' ]
135 silly lockFile 63b9c09b-crypto crypto@*
136 verbose lock crypto@* /home/bryan/.npm/63b9c09b-crypto.lock
137 verbose cache add [ 'sequelize@*', null ]
138 verbose cache add name=undefined spec="sequelize@*" args=["sequelize@*",null]
139 verbose parsed url { protocol: null,
139 verbose parsed url   slashes: null,
139 verbose parsed url   auth: null,
139 verbose parsed url   host: null,
139 verbose parsed url   port: null,
139 verbose parsed url   hostname: null,
139 verbose parsed url   hash: null,
139 verbose parsed url   search: null,
139 verbose parsed url   query: null,
139 verbose parsed url   pathname: 'sequelize@*',
139 verbose parsed url   path: 'sequelize@*',
139 verbose parsed url   href: 'sequelize@*' }
140 verbose cache add name="sequelize" spec="*" args=["sequelize","*"]
141 verbose parsed url { protocol: null,
141 verbose parsed url   slashes: null,
141 verbose parsed url   auth: null,
141 verbose parsed url   host: null,
141 verbose parsed url   port: null,
141 verbose parsed url   hostname: null,
141 verbose parsed url   hash: null,
141 verbose parsed url   search: null,
141 verbose parsed url   query: null,
141 verbose parsed url   pathname: '*',
141 verbose parsed url   path: '*',
141 verbose parsed url   href: '*' }
142 verbose addNamed [ 'sequelize', '*' ]
143 verbose addNamed [ null, '*' ]
144 silly lockFile 19633609-sequelize sequelize@*
145 verbose lock sequelize@* /home/bryan/.npm/19633609-sequelize.lock
146 verbose cache add [ 'mysql@*', null ]
147 verbose cache add name=undefined spec="mysql@*" args=["mysql@*",null]
148 verbose parsed url { protocol: null,
148 verbose parsed url   slashes: null,
148 verbose parsed url   auth: null,
148 verbose parsed url   host: null,
148 verbose parsed url   port: null,
148 verbose parsed url   hostname: null,
148 verbose parsed url   hash: null,
148 verbose parsed url   search: null,
148 verbose parsed url   query: null,
148 verbose parsed url   pathname: 'mysql@*',
148 verbose parsed url   path: 'mysql@*',
148 verbose parsed url   href: 'mysql@*' }
149 verbose cache add name="mysql" spec="*" args=["mysql","*"]
150 verbose parsed url { protocol: null,
150 verbose parsed url   slashes: null,
150 verbose parsed url   auth: null,
150 verbose parsed url   host: null,
150 verbose parsed url   port: null,
150 verbose parsed url   hostname: null,
150 verbose parsed url   hash: null,
150 verbose parsed url   search: null,
150 verbose parsed url   query: null,
150 verbose parsed url   pathname: '*',
150 verbose parsed url   path: '*',
150 verbose parsed url   href: '*' }
151 verbose addNamed [ 'mysql', '*' ]
152 verbose addNamed [ null, '*' ]
153 silly lockFile 68913812-mysql mysql@*
154 verbose lock mysql@* /home/bryan/.npm/68913812-mysql.lock
155 silly addNameRange { name: 'ejs', range: '*', hasData: false }
156 verbose url raw express/3.0.0-rc4
157 verbose url resolving [ 'https://registry.npmjs.org/', './express/3.0.0-rc4' ]
158 verbose url resolved https://registry.npmjs.org/express/3.0.0-rc4
159 info trying registry request attempt 1 at 16:01:58
160 http GET https://registry.npmjs.org/express/3.0.0-rc4
161 silly addNameRange { name: 'crypto', range: '*', hasData: false }
162 silly addNameRange { name: 'sequelize', range: '*', hasData: false }
163 silly addNameRange { name: 'mysql', range: '*', hasData: false }
164 verbose url raw ejs
165 verbose url resolving [ 'https://registry.npmjs.org/', './ejs' ]
166 verbose url resolved https://registry.npmjs.org/ejs
167 info trying registry request attempt 1 at 16:01:58
168 verbose etag "4XR11RNM8W2KDLRO11W3F1CBI"
169 http GET https://registry.npmjs.org/ejs
170 verbose url raw crypto
171 verbose url resolving [ 'https://registry.npmjs.org/', './crypto' ]
172 verbose url resolved https://registry.npmjs.org/crypto
173 info trying registry request attempt 1 at 16:01:58
174 verbose etag "545FC8QHNO6CR59DGM5WW9NV4"
175 http GET https://registry.npmjs.org/crypto
176 verbose url raw sequelize
177 verbose url resolving [ 'https://registry.npmjs.org/', './sequelize' ]
178 verbose url resolved https://registry.npmjs.org/sequelize
179 info trying registry request attempt 1 at 16:01:58
180 verbose etag "UMZU7A0E782N2VZPQN3YE42K"
181 http GET https://registry.npmjs.org/sequelize
182 verbose url raw mysql
183 verbose url resolving [ 'https://registry.npmjs.org/', './mysql' ]
184 verbose url resolved https://registry.npmjs.org/mysql
185 info trying registry request attempt 1 at 16:01:58
186 verbose etag "25573VHAPA13U299J8LBDR0QV"
187 http GET https://registry.npmjs.org/mysql
188 http 304 https://registry.npmjs.org/crypto
189 silly registry.get cb [ 304,
189 silly registry.get   { server: 'CouchDB/1.3.0 (Erlang OTP/R15B03)',
189 silly registry.get     etag: '"545FC8QHNO6CR59DGM5WW9NV4"',
189 silly registry.get     date: 'Thu, 27 Jun 2013 20:01:58 GMT',
189 silly registry.get     'content-length': '0' } ]
190 verbose etag crypto from cache
191 silly addNameRange number 2 { name: 'crypto', range: '*', hasData: true }
192 silly addNameRange versions [ 'crypto', [ '0.0.1', '0.0.3' ] ]
193 verbose addNamed [ 'crypto', '0.0.3' ]
194 verbose addNamed [ '0.0.3', '0.0.3' ]
195 silly lockFile 4d0ed277-crypto-0-0-3 crypto@0.0.3
196 verbose lock crypto@0.0.3 /home/bryan/.npm/4d0ed277-crypto-0-0-3.lock
197 silly lockFile 4d0ed277-crypto-0-0-3 crypto@0.0.3
198 silly lockFile 4d0ed277-crypto-0-0-3 crypto@0.0.3
199 silly lockFile 63b9c09b-crypto crypto@*
200 silly lockFile 63b9c09b-crypto crypto@*
201 http 404 https://registry.npmjs.org/express/3.0.0-rc4
202 silly registry.get cb [ 404,
202 silly registry.get   { vary: 'Accept',
202 silly registry.get     server: 'CouchDB/1.3.0 (Erlang OTP/R15B03)',
202 silly registry.get     etag: '"8QRPNJ4ZIWIJZRRYE0LRPQXP7"',
202 silly registry.get     date: 'Thu, 27 Jun 2013 20:01:58 GMT',
202 silly registry.get     'content-type': 'application/json',
202 silly registry.get     'content-length': '40' } ]
203 silly lockFile b950aa27-express-3-0-0rc4 express@3.0.0rc4
204 silly lockFile b950aa27-express-3-0-0rc4 express@3.0.0rc4
205 verbose about to build /usr/local/lib/node_modules/wvu-peak-api
206 info /usr/local/lib/node_modules/wvu-peak-api unbuild
207 info preuninstall wvu-peak-api@0.0.1
208 info uninstall wvu-peak-api@0.0.1
209 verbose true,/usr/local/lib/node_modules,/usr/local/lib/node_modules unbuild wvu-peak-api@0.0.1
210 info postuninstall wvu-peak-api@0.0.1
211 error Error: version not found: 3.0.0-rc4 : express/3.0.0-rc4
211 error     at RegClient.<anonymous> (/usr/local/lib/node_modules/npm/node_modules/npm-registry-client/lib/request.js:272:14)
211 error     at Request.self.callback (/usr/local/lib/node_modules/npm/node_modules/request/index.js:148:22)
211 error     at Request.EventEmitter.emit (events.js:98:17)
211 error     at Request.<anonymous> (/usr/local/lib/node_modules/npm/node_modules/request/index.js:876:14)
211 error     at Request.EventEmitter.emit (events.js:117:20)
211 error     at IncomingMessage.<anonymous> (/usr/local/lib/node_modules/npm/node_modules/request/index.js:827:12)
211 error     at IncomingMessage.EventEmitter.emit (events.js:117:20)
211 error     at _stream_readable.js:910:16
211 error     at process._tickCallback (node.js:415:13)
212 error If you need help, you may report this log at:
212 error     <http://github.com/isaacs/npm/issues>
212 error or email it to:
212 error     <npm-@googlegroups.com>
213 error System Linux 3.5.0-25-generic
214 error command "node" "/usr/local/bin/npm" "install" "-g"
215 error cwd /home/bryan/peaknode
216 error node -v v0.10.12
217 error npm -v 1.3.1
218 verbose exit [ 1, true ]
